/home/pradheep/Documents/strawberry_cheese_cake/irc_autonomous_ws/install/autonomous_stack/lib/python3.10/site-packages/autonomous_stack/miscellaneous.py
/home/pradheep/Documents/strawberry_cheese_cake/irc_autonomous_ws/install/autonomous_stack/lib/python3.10/site-packages/autonomous_stack/imagesub.py
/home/pradheep/Documents/strawberry_cheese_cake/irc_autonomous_ws/install/autonomous_stack/lib/python3.10/site-packages/autonomous_stack/straightpath1.py
/home/pradheep/Documents/strawberry_cheese_cake/irc_autonomous_ws/install/autonomous_stack/lib/python3.10/site-packages/autonomous_stack/__init__.py
/home/pradheep/Documents/strawberry_cheese_cake/irc_autonomous_ws/install/autonomous_stack/lib/python3.10/site-packages/autonomous_stack/test_controller_final_with_sp.py
/home/pradheep/Documents/strawberry_cheese_cake/irc_autonomous_ws/install/autonomous_stack/lib/python3.10/site-packages/autonomous_stack/inputfirst.py
/home/pradheep/Documents/strawberry_cheese_cake/irc_autonomous_ws/install/autonomous_stack/lib/python3.10/site-packages/autonomous_stack/__pycache__/miscellaneous.cpython-310.pyc
/home/pradheep/Documents/strawberry_cheese_cake/irc_autonomous_ws/install/autonomous_stack/lib/python3.10/site-packages/autonomous_stack/__pycache__/imagesub.cpython-310.pyc
/home/pradheep/Documents/strawberry_cheese_cake/irc_autonomous_ws/install/autonomous_stack/lib/python3.10/site-packages/autonomous_stack/__pycache__/straightpath1.cpython-310.pyc
/home/pradheep/Documents/strawberry_cheese_cake/irc_autonomous_ws/install/autonomous_stack/lib/python3.10/site-packages/autonomous_stack/__pycache__/__init__.cpython-310.pyc
/home/pradheep/Documents/strawberry_cheese_cake/irc_autonomous_ws/install/autonomous_stack/lib/python3.10/site-packages/autonomous_stack/__pycache__/test_controller_final_with_sp.cpython-310.pyc
/home/pradheep/Documents/strawberry_cheese_cake/irc_autonomous_ws/install/autonomous_stack/lib/python3.10/site-packages/autonomous_stack/__pycache__/inputfirst.cpython-310.pyc
/home/pradheep/Documents/strawberry_cheese_cake/irc_autonomous_ws/install/autonomous_stack/share/ament_index/resource_index/packages/autonomous_stack
/home/pradheep/Documents/strawberry_cheese_cake/irc_autonomous_ws/install/autonomous_stack/share/autonomous_stack/package.xml
/home/pradheep/Documents/strawberry_cheese_cake/irc_autonomous_ws/install/autonomous_stack/lib/python3.10/site-packages/autonomous_stack-0.0.0-py3.10.egg-info/top_level.txt
/home/pradheep/Documents/strawberry_cheese_cake/irc_autonomous_ws/install/autonomous_stack/lib/python3.10/site-packages/autonomous_stack-0.0.0-py3.10.egg-info/dependency_links.txt
/home/pradheep/Documents/strawberry_cheese_cake/irc_autonomous_ws/install/autonomous_stack/lib/python3.10/site-packages/autonomous_stack-0.0.0-py3.10.egg-info/PKG-INFO
/home/pradheep/Documents/strawberry_cheese_cake/irc_autonomous_ws/install/autonomous_stack/lib/python3.10/site-packages/autonomous_stack-0.0.0-py3.10.egg-info/entry_points.txt
/home/pradheep/Documents/strawberry_cheese_cake/irc_autonomous_ws/install/autonomous_stack/lib/python3.10/site-packages/autonomous_stack-0.0.0-py3.10.egg-info/requires.txt
/home/pradheep/Documents/strawberry_cheese_cake/irc_autonomous_ws/install/autonomous_stack/lib/python3.10/site-packages/autonomous_stack-0.0.0-py3.10.egg-info/SOURCES.txt
/home/pradheep/Documents/strawberry_cheese_cake/irc_autonomous_ws/install/autonomous_stack/lib/python3.10/site-packages/autonomous_stack-0.0.0-py3.10.egg-info/zip-safe
/home/pradheep/Documents/strawberry_cheese_cake/irc_autonomous_ws/install/autonomous_stack/lib/autonomous_stack/controller
/home/pradheep/Documents/strawberry_cheese_cake/irc_autonomous_ws/install/autonomous_stack/lib/autonomous_stack/input1
/home/pradheep/Documents/strawberry_cheese_cake/irc_autonomous_ws/install/autonomous_stack/lib/autonomous_stack/input2
/home/pradheep/Documents/strawberry_cheese_cake/irc_autonomous_ws/install/autonomous_stack/lib/autonomous_stack/testinput1
