[0.083s] [34mcolcon[0m [1;30mDEBUG[0m [32mCommand line arguments: ['/usr/bin/colcon', 'build'][0m
[0.083s] [34mcolcon[0m [1;30mDEBUG[0m [32mParsed command line arguments: Namespace(log_base=None, log_level=None, verb_name='build', build_base='build', install_base='install', merge_install=False, symlink_install=False, test_result_base=None, continue_on_error=False, executor='parallel', parallel_workers=24, event_handlers=None, ignore_user_meta=False, metas=['./colcon.meta'], base_paths=['.'], packages_ignore=None, packages_ignore_regex=None, paths=None, packages_up_to=None, packages_up_to_regex=None, packages_above=None, packages_above_and_dependencies=None, packages_above_depth=None, packages_select_by_dep=None, packages_skip_by_dep=None, packages_skip_up_to=None, packages_select_build_failed=False, packages_skip_build_finished=False, packages_select_test_failures=False, packages_skip_test_passed=False, packages_select=None, packages_skip=None, packages_select_regex=None, packages_skip_regex=None, packages_start=None, packages_end=None, allow_overriding=[], cmake_args=None, cmake_target=None, cmake_target_skip_unavailable=False, cmake_clean_cache=False, cmake_clean_first=False, cmake_force_configure=False, ament_cmake_args=None, catkin_cmake_args=None, catkin_skip_building_tests=False, mixin_files=None, mixin=None, verb_parser=<colcon_mixin.mixin.mixin_argument.MixinArgumentDecorator object at 0x736bdb22b0d0>, verb_extension=<colcon_core.verb.build.BuildVerb object at 0x736bdb368730>, main=<bound method BuildVerb.main of <colcon_core.verb.build.BuildVerb object at 0x736bdb368730>>, mixin_verb=('build',))[0m
[0.109s] [34mcolcon.colcon_core.package_discovery[0m [1;30mLevel 1[0m discover_packages(colcon_meta) check parameters
[0.109s] [34mcolcon.colcon_core.package_discovery[0m [1;30mLevel 1[0m discover_packages(recursive) check parameters
[0.109s] [34mcolcon.colcon_core.package_discovery[0m [1;30mLevel 1[0m discover_packages(ignore) check parameters
[0.109s] [34mcolcon.colcon_core.package_discovery[0m [1;30mLevel 1[0m discover_packages(path) check parameters
[0.110s] [34mcolcon.colcon_core.package_discovery[0m [1;30mLevel 1[0m discover_packages(colcon_meta) discover
[0.110s] [34mcolcon.colcon_core.package_discovery[0m [1;30mLevel 1[0m discover_packages(recursive) discover
[0.110s] [34mcolcon.colcon_core.package_discovery[0m [1;30mINFO[0m Crawling recursively for packages in '/home/pradheep/Documents/strawberry_cheese_cake/irc_autonomous_ws'
[0.110s] [34mcolcon.colcon_core.package_identification[0m [1;30mLevel 1[0m _identify(.) by extensions ['ignore', 'ignore_ament_install']
[0.110s] [34mcolcon.colcon_core.package_identification[0m [1;30mLevel 1[0m _identify(.) by extension 'ignore'
[0.110s] [34mcolcon.colcon_core.package_identification[0m [1;30mLevel 1[0m _identify(.) by extension 'ignore_ament_install'
[0.110s] [34mcolcon.colcon_core.package_identification[0m [1;30mLevel 1[0m _identify(.) by extensions ['colcon_pkg']
[0.110s] [34mcolcon.colcon_core.package_identification[0m [1;30mLevel 1[0m _identify(.) by extension 'colcon_pkg'
[0.110s] [34mcolcon.colcon_core.package_identification[0m [1;30mLevel 1[0m _identify(.) by extensions ['colcon_meta']
[0.110s] [34mcolcon.colcon_core.package_identification[0m [1;30mLevel 1[0m _identify(.) by extension 'colcon_meta'
[0.110s] [34mcolcon.colcon_core.package_identification[0m [1;30mLevel 1[0m _identify(.) by extensions ['ros']
[0.110s] [34mcolcon.colcon_core.package_identification[0m [1;30mLevel 1[0m _identify(.) by extension 'ros'
[0.120s] [34mcolcon.colcon_core.package_identification[0m [1;30mLevel 1[0m _identify(.) by extensions ['cmake', 'python']
[0.120s] [34mcolcon.colcon_core.package_identification[0m [1;30mLevel 1[0m _identify(.) by extension 'cmake'
[0.120s] [34mcolcon.colcon_core.package_identification[0m [1;30mLevel 1[0m _identify(.) by extension 'python'
[0.120s] [34mcolcon.colcon_core.package_identification[0m [1;30mLevel 1[0m _identify(.) by extensions ['python_setup_py']
[0.120s] [34mcolcon.colcon_core.package_identification[0m [1;30mLevel 1[0m _identify(.) by extension 'python_setup_py'
[0.120s] [34mcolcon.colcon_core.package_identification[0m [1;30mLevel 1[0m _identify(build) by extensions ['ignore', 'ignore_ament_install']
[0.120s] [34mcolcon.colcon_core.package_identification[0m [1;30mLevel 1[0m _identify(build) by extension 'ignore'
[0.120s] [34mcolcon.colcon_core.package_identification[0m [1;30mLevel 1[0m _identify(build) ignored
[0.120s] [34mcolcon.colcon_core.package_identification[0m [1;30mLevel 1[0m _identify(install) by extensions ['ignore', 'ignore_ament_install']
[0.120s] [34mcolcon.colcon_core.package_identification[0m [1;30mLevel 1[0m _identify(install) by extension 'ignore'
[0.120s] [34mcolcon.colcon_core.package_identification[0m [1;30mLevel 1[0m _identify(install) ignored
[0.120s] [34mcolcon.colcon_core.package_identification[0m [1;30mLevel 1[0m _identify(log) by extensions ['ignore', 'ignore_ament_install']
[0.120s] [34mcolcon.colcon_core.package_identification[0m [1;30mLevel 1[0m _identify(log) by extension 'ignore'
[0.120s] [34mcolcon.colcon_core.package_identification[0m [1;30mLevel 1[0m _identify(log) ignored
[0.120s] [34mcolcon.colcon_core.package_identification[0m [1;30mLevel 1[0m _identify(src) by extensions ['ignore', 'ignore_ament_install']
[0.120s] [34mcolcon.colcon_core.package_identification[0m [1;30mLevel 1[0m _identify(src) by extension 'ignore'
[0.120s] [34mcolcon.colcon_core.package_identification[0m [1;30mLevel 1[0m _identify(src) by extension 'ignore_ament_install'
[0.120s] [34mcolcon.colcon_core.package_identification[0m [1;30mLevel 1[0m _identify(src) by extensions ['colcon_pkg']
[0.120s] [34mcolcon.colcon_core.package_identification[0m [1;30mLevel 1[0m _identify(src) by extension 'colcon_pkg'
[0.120s] [34mcolcon.colcon_core.package_identification[0m [1;30mLevel 1[0m _identify(src) by extensions ['colcon_meta']
[0.120s] [34mcolcon.colcon_core.package_identification[0m [1;30mLevel 1[0m _identify(src) by extension 'colcon_meta'
[0.120s] [34mcolcon.colcon_core.package_identification[0m [1;30mLevel 1[0m _identify(src) by extensions ['ros']
[0.120s] [34mcolcon.colcon_core.package_identification[0m [1;30mLevel 1[0m _identify(src) by extension 'ros'
[0.120s] [34mcolcon.colcon_core.package_identification[0m [1;30mLevel 1[0m _identify(src) by extensions ['cmake', 'python']
[0.121s] [34mcolcon.colcon_core.package_identification[0m [1;30mLevel 1[0m _identify(src) by extension 'cmake'
[0.121s] [34mcolcon.colcon_core.package_identification[0m [1;30mLevel 1[0m _identify(src) by extension 'python'
[0.121s] [34mcolcon.colcon_core.package_identification[0m [1;30mLevel 1[0m _identify(src) by extensions ['python_setup_py']
[0.121s] [34mcolcon.colcon_core.package_identification[0m [1;30mLevel 1[0m _identify(src) by extension 'python_setup_py'
[0.121s] [34mcolcon.colcon_core.package_identification[0m [1;30mLevel 1[0m _identify(src/autonomous_stack) by extensions ['ignore', 'ignore_ament_install']
[0.121s] [34mcolcon.colcon_core.package_identification[0m [1;30mLevel 1[0m _identify(src/autonomous_stack) by extension 'ignore'
[0.121s] [34mcolcon.colcon_core.package_identification[0m [1;30mLevel 1[0m _identify(src/autonomous_stack) by extension 'ignore_ament_install'
[0.121s] [34mcolcon.colcon_core.package_identification[0m [1;30mLevel 1[0m _identify(src/autonomous_stack) by extensions ['colcon_pkg']
[0.121s] [34mcolcon.colcon_core.package_identification[0m [1;30mLevel 1[0m _identify(src/autonomous_stack) by extension 'colcon_pkg'
[0.121s] [34mcolcon.colcon_core.package_identification[0m [1;30mLevel 1[0m _identify(src/autonomous_stack) by extensions ['colcon_meta']
[0.121s] [34mcolcon.colcon_core.package_identification[0m [1;30mLevel 1[0m _identify(src/autonomous_stack) by extension 'colcon_meta'
[0.121s] [34mcolcon.colcon_core.package_identification[0m [1;30mLevel 1[0m _identify(src/autonomous_stack) by extensions ['ros']
[0.121s] [34mcolcon.colcon_core.package_identification[0m [1;30mLevel 1[0m _identify(src/autonomous_stack) by extension 'ros'
[0.123s] [34mcolcon.colcon_core.package_identification[0m [1;30mDEBUG[0m [32mPackage 'src/autonomous_stack' with type 'ros.ament_python' and name 'autonomous_stack'[0m
[0.123s] [34mcolcon.colcon_core.package_discovery[0m [1;30mLevel 1[0m discover_packages(recursive) using defaults
[0.123s] [34mcolcon.colcon_core.package_discovery[0m [1;30mLevel 1[0m discover_packages(ignore) discover
[0.123s] [34mcolcon.colcon_core.package_discovery[0m [1;30mLevel 1[0m discover_packages(ignore) using defaults
[0.123s] [34mcolcon.colcon_core.package_discovery[0m [1;30mLevel 1[0m discover_packages(path) discover
[0.123s] [34mcolcon.colcon_core.package_discovery[0m [1;30mLevel 1[0m discover_packages(path) using defaults
[0.135s] [34mcolcon.colcon_core.package_discovery[0m [1;30mLevel 1[0m discover_packages(prefix_path) check parameters
[0.135s] [34mcolcon.colcon_core.package_discovery[0m [1;30mLevel 1[0m discover_packages(prefix_path) discover
[0.136s] [34mcolcon.colcon_installed_package_information.package_discovery[0m [1;30mDEBUG[0m [32mFound 1 installed packages in /home/pradheep/Documents/strawberry_cheese_cake/irc_autonomous_ws/install[0m
[0.137s] [34mcolcon.colcon_installed_package_information.package_discovery[0m [1;30mDEBUG[0m [32mFound 15 installed packages in /home/pradheep/turtlebot3_ws/install[0m
[0.138s] [34mcolcon.colcon_installed_package_information.package_discovery[0m [1;30mDEBUG[0m [32mFound 409 installed packages in /opt/ros/humble[0m
[0.139s] [34mcolcon.colcon_core.package_discovery[0m [1;30mLevel 1[0m discover_packages(prefix_path) using defaults
[0.170s] [34mcolcon.colcon_core.verb[0m [1;30mLevel 5[0m set package 'autonomous_stack' build argument 'cmake_args' from command line to 'None'
[0.170s] [34mcolcon.colcon_core.verb[0m [1;30mLevel 5[0m set package 'autonomous_stack' build argument 'cmake_target' from command line to 'None'
[0.170s] [34mcolcon.colcon_core.verb[0m [1;30mLevel 5[0m set package 'autonomous_stack' build argument 'cmake_target_skip_unavailable' from command line to 'False'
[0.170s] [34mcolcon.colcon_core.verb[0m [1;30mLevel 5[0m set package 'autonomous_stack' build argument 'cmake_clean_cache' from command line to 'False'
[0.170s] [34mcolcon.colcon_core.verb[0m [1;30mLevel 5[0m set package 'autonomous_stack' build argument 'cmake_clean_first' from command line to 'False'
[0.170s] [34mcolcon.colcon_core.verb[0m [1;30mLevel 5[0m set package 'autonomous_stack' build argument 'cmake_force_configure' from command line to 'False'
[0.170s] [34mcolcon.colcon_core.verb[0m [1;30mLevel 5[0m set package 'autonomous_stack' build argument 'ament_cmake_args' from command line to 'None'
[0.170s] [34mcolcon.colcon_core.verb[0m [1;30mLevel 5[0m set package 'autonomous_stack' build argument 'catkin_cmake_args' from command line to 'None'
[0.170s] [34mcolcon.colcon_core.verb[0m [1;30mLevel 5[0m set package 'autonomous_stack' build argument 'catkin_skip_building_tests' from command line to 'False'
[0.170s] [34mcolcon.colcon_core.verb[0m [1;30mDEBUG[0m [32mBuilding package 'autonomous_stack' with the following arguments: {'ament_cmake_args': None, 'build_base': '/home/pradheep/Documents/strawberry_cheese_cake/irc_autonomous_ws/build/autonomous_stack', 'catkin_cmake_args': None, 'catkin_skip_building_tests': False, 'cmake_args': None, 'cmake_clean_cache': False, 'cmake_clean_first': False, 'cmake_force_configure': False, 'cmake_target': None, 'cmake_target_skip_unavailable': False, 'install_base': '/home/pradheep/Documents/strawberry_cheese_cake/irc_autonomous_ws/install/autonomous_stack', 'merge_install': False, 'path': '/home/pradheep/Documents/strawberry_cheese_cake/irc_autonomous_ws/src/autonomous_stack', 'symlink_install': False, 'test_result_base': None}[0m
[0.171s] [34mcolcon.colcon_core.executor[0m [1;30mINFO[0m Executing jobs using 'parallel' executor
[0.172s] [34mcolcon.colcon_parallel_executor.executor.parallel[0m [1;30mDEBUG[0m [32mrun_until_complete[0m
[0.172s] [34mcolcon.colcon_ros.task.ament_python.build[0m [1;30mINFO[0m Building ROS package in '/home/pradheep/Documents/strawberry_cheese_cake/irc_autonomous_ws/src/autonomous_stack' with build type 'ament_python'
[0.172s] [34mcolcon.colcon_core.shell[0m [1;30mLevel 1[0m create_environment_hook('autonomous_stack', 'ament_prefix_path')
[0.173s] [34mcolcon.colcon_core.plugin_system[0m [1;30mINFO[0m Skipping extension 'colcon_core.shell.bat': Not used on non-Windows systems
[0.173s] [34mcolcon.colcon_core.shell[0m [1;30mINFO[0m Creating environment hook '/home/pradheep/Documents/strawberry_cheese_cake/irc_autonomous_ws/install/autonomous_stack/share/autonomous_stack/hook/ament_prefix_path.ps1'
[0.174s] [34mcolcon.colcon_core.shell[0m [1;30mINFO[0m Creating environment descriptor '/home/pradheep/Documents/strawberry_cheese_cake/irc_autonomous_ws/install/autonomous_stack/share/autonomous_stack/hook/ament_prefix_path.dsv'
[0.174s] [34mcolcon.colcon_core.shell[0m [1;30mINFO[0m Creating environment hook '/home/pradheep/Documents/strawberry_cheese_cake/irc_autonomous_ws/install/autonomous_stack/share/autonomous_stack/hook/ament_prefix_path.sh'
[0.175s] [34mcolcon.colcon_core.shell[0m [1;30mINFO[0m Skip shell extension 'powershell' for command environment: Not usable outside of PowerShell
[0.175s] [34mcolcon.colcon_core.shell[0m [1;30mDEBUG[0m [32mSkip shell extension 'dsv' for command environment[0m
[0.338s] [34mcolcon.colcon_core.task.python.build[0m [1;30mINFO[0m Building Python package in '/home/pradheep/Documents/strawberry_cheese_cake/irc_autonomous_ws/src/autonomous_stack'
[0.338s] [34mcolcon.colcon_core.shell[0m [1;30mINFO[0m Skip shell extension 'powershell' for command environment: Not usable outside of PowerShell
[0.338s] [34mcolcon.colcon_core.shell[0m [1;30mDEBUG[0m [32mSkip shell extension 'dsv' for command environment[0m
[0.751s] [34mcolcon.colcon_core.event_handler.log_command[0m [1;30mDEBUG[0m [32mInvoking command in '/home/pradheep/Documents/strawberry_cheese_cake/irc_autonomous_ws/src/autonomous_stack': PYTHONPATH=/home/pradheep/Documents/strawberry_cheese_cake/irc_autonomous_ws/build/autonomous_stack/prefix_override:/usr/lib/python3/dist-packages/colcon_core/task/python/colcon_distutils_commands:/home/pradheep/Documents/strawberry_cheese_cake/irc_autonomous_ws/install/autonomous_stack/lib/python3.10/site-packages:${PYTHONPATH} /usr/bin/python3 -W ignore:setup.py install is deprecated -W ignore:easy_install command is deprecated setup.py egg_info --egg-base ../../build/autonomous_stack build --build-base /home/pradheep/Documents/strawberry_cheese_cake/irc_autonomous_ws/build/autonomous_stack/build install --record /home/pradheep/Documents/strawberry_cheese_cake/irc_autonomous_ws/build/autonomous_stack/install.log --single-version-externally-managed install_data[0m
[1.130s] [34mcolcon.colcon_core.event_handler.log_command[0m [1;30mDEBUG[0m [32mInvoked command in '/home/pradheep/Documents/strawberry_cheese_cake/irc_autonomous_ws/src/autonomous_stack' returned '0': PYTHONPATH=/home/pradheep/Documents/strawberry_cheese_cake/irc_autonomous_ws/build/autonomous_stack/prefix_override:/usr/lib/python3/dist-packages/colcon_core/task/python/colcon_distutils_commands:/home/pradheep/Documents/strawberry_cheese_cake/irc_autonomous_ws/install/autonomous_stack/lib/python3.10/site-packages:${PYTHONPATH} /usr/bin/python3 -W ignore:setup.py install is deprecated -W ignore:easy_install command is deprecated setup.py egg_info --egg-base ../../build/autonomous_stack build --build-base /home/pradheep/Documents/strawberry_cheese_cake/irc_autonomous_ws/build/autonomous_stack/build install --record /home/pradheep/Documents/strawberry_cheese_cake/irc_autonomous_ws/build/autonomous_stack/install.log --single-version-externally-managed install_data[0m
[1.131s] [34mcolcon.colcon_core.environment[0m [1;30mLevel 1[0m checking '/home/pradheep/Documents/strawberry_cheese_cake/irc_autonomous_ws/install/autonomous_stack' for CMake module files
[1.132s] [34mcolcon.colcon_core.environment[0m [1;30mLevel 1[0m checking '/home/pradheep/Documents/strawberry_cheese_cake/irc_autonomous_ws/install/autonomous_stack' for CMake config files
[1.132s] [34mcolcon.colcon_core.environment[0m [1;30mLevel 1[0m checking '/home/pradheep/Documents/strawberry_cheese_cake/irc_autonomous_ws/install/autonomous_stack/lib'
[1.132s] [34mcolcon.colcon_core.environment[0m [1;30mLevel 1[0m checking '/home/pradheep/Documents/strawberry_cheese_cake/irc_autonomous_ws/install/autonomous_stack/bin'
[1.132s] [34mcolcon.colcon_core.environment[0m [1;30mLevel 1[0m checking '/home/pradheep/Documents/strawberry_cheese_cake/irc_autonomous_ws/install/autonomous_stack/lib/pkgconfig/autonomous_stack.pc'
[1.132s] [34mcolcon.colcon_core.environment[0m [1;30mLevel 1[0m checking '/home/pradheep/Documents/strawberry_cheese_cake/irc_autonomous_ws/install/autonomous_stack/lib/python3.10/site-packages'
[1.132s] [34mcolcon.colcon_core.shell[0m [1;30mLevel 1[0m create_environment_hook('autonomous_stack', 'pythonpath')
[1.133s] [34mcolcon.colcon_core.shell[0m [1;30mINFO[0m Creating environment hook '/home/pradheep/Documents/strawberry_cheese_cake/irc_autonomous_ws/install/autonomous_stack/share/autonomous_stack/hook/pythonpath.ps1'
[1.133s] [34mcolcon.colcon_core.shell[0m [1;30mINFO[0m Creating environment descriptor '/home/pradheep/Documents/strawberry_cheese_cake/irc_autonomous_ws/install/autonomous_stack/share/autonomous_stack/hook/pythonpath.dsv'
[1.133s] [34mcolcon.colcon_core.shell[0m [1;30mINFO[0m Creating environment hook '/home/pradheep/Documents/strawberry_cheese_cake/irc_autonomous_ws/install/autonomous_stack/share/autonomous_stack/hook/pythonpath.sh'
[1.134s] [34mcolcon.colcon_core.environment[0m [1;30mLevel 1[0m checking '/home/pradheep/Documents/strawberry_cheese_cake/irc_autonomous_ws/install/autonomous_stack/bin'
[1.134s] [34mcolcon.colcon_core.environment[0m [1;30mLevel 1[0m create_environment_scripts_only(autonomous_stack)
[1.134s] [34mcolcon.colcon_core.shell[0m [1;30mINFO[0m Creating package script '/home/pradheep/Documents/strawberry_cheese_cake/irc_autonomous_ws/install/autonomous_stack/share/autonomous_stack/package.ps1'
[1.135s] [34mcolcon.colcon_core.shell[0m [1;30mINFO[0m Creating package descriptor '/home/pradheep/Documents/strawberry_cheese_cake/irc_autonomous_ws/install/autonomous_stack/share/autonomous_stack/package.dsv'
[1.135s] [34mcolcon.colcon_core.shell[0m [1;30mINFO[0m Creating package script '/home/pradheep/Documents/strawberry_cheese_cake/irc_autonomous_ws/install/autonomous_stack/share/autonomous_stack/package.sh'
[1.135s] [34mcolcon.colcon_core.shell[0m [1;30mINFO[0m Creating package script '/home/pradheep/Documents/strawberry_cheese_cake/irc_autonomous_ws/install/autonomous_stack/share/autonomous_stack/package.bash'
[1.136s] [34mcolcon.colcon_core.shell[0m [1;30mINFO[0m Creating package script '/home/pradheep/Documents/strawberry_cheese_cake/irc_autonomous_ws/install/autonomous_stack/share/autonomous_stack/package.zsh'
[1.136s] [34mcolcon.colcon_core.environment[0m [1;30mLevel 1[0m create_file_with_runtime_dependencies(/home/pradheep/Documents/strawberry_cheese_cake/irc_autonomous_ws/install/autonomous_stack/share/colcon-core/packages/autonomous_stack)
[1.136s] [34mcolcon.colcon_parallel_executor.executor.parallel[0m [1;30mDEBUG[0m [32mclosing loop[0m
[1.137s] [34mcolcon.colcon_parallel_executor.executor.parallel[0m [1;30mDEBUG[0m [32mloop closed[0m
[1.137s] [34mcolcon.colcon_parallel_executor.executor.parallel[0m [1;30mDEBUG[0m [32mrun_until_complete finished with '0'[0m
[1.137s] [34mcolcon.colcon_core.event_reactor[0m [1;30mDEBUG[0m [32mjoining thread[0m
[1.150s] [34mcolcon.colcon_core.plugin_system[0m [1;30mINFO[0m Skipping extension 'colcon_notification.desktop_notification.terminal_notifier': Not used on non-Darwin systems
[1.151s] [34mcolcon.colcon_core.plugin_system[0m [1;30mINFO[0m Skipping extension 'colcon_notification.desktop_notification.win32': Not used on non-Windows systems
[1.151s] [34mcolcon.colcon_notification.desktop_notification[0m [1;30mINFO[0m Sending desktop notification using 'notify2'
[1.162s] [34mcolcon.colcon_core.event_reactor[0m [1;30mDEBUG[0m [32mjoined thread[0m
[1.163s] [34mcolcon.colcon_core.shell[0m [1;30mINFO[0m Creating prefix script '/home/pradheep/Documents/strawberry_cheese_cake/irc_autonomous_ws/install/local_setup.ps1'
[1.164s] [34mcolcon.colcon_core.shell[0m [1;30mINFO[0m Creating prefix util module '/home/pradheep/Documents/strawberry_cheese_cake/irc_autonomous_ws/install/_local_setup_util_ps1.py'
[1.165s] [34mcolcon.colcon_core.shell[0m [1;30mINFO[0m Creating prefix chain script '/home/pradheep/Documents/strawberry_cheese_cake/irc_autonomous_ws/install/setup.ps1'
[1.166s] [34mcolcon.colcon_core.shell[0m [1;30mINFO[0m Creating prefix script '/home/pradheep/Documents/strawberry_cheese_cake/irc_autonomous_ws/install/local_setup.sh'
[1.166s] [34mcolcon.colcon_core.shell[0m [1;30mINFO[0m Creating prefix util module '/home/pradheep/Documents/strawberry_cheese_cake/irc_autonomous_ws/install/_local_setup_util_sh.py'
[1.167s] [34mcolcon.colcon_core.shell[0m [1;30mINFO[0m Creating prefix chain script '/home/pradheep/Documents/strawberry_cheese_cake/irc_autonomous_ws/install/setup.sh'
[1.168s] [34mcolcon.colcon_core.shell[0m [1;30mINFO[0m Creating prefix script '/home/pradheep/Documents/strawberry_cheese_cake/irc_autonomous_ws/install/local_setup.bash'
[1.168s] [34mcolcon.colcon_core.shell[0m [1;30mINFO[0m Creating prefix chain script '/home/pradheep/Documents/strawberry_cheese_cake/irc_autonomous_ws/install/setup.bash'
[1.169s] [34mcolcon.colcon_core.shell[0m [1;30mINFO[0m Creating prefix script '/home/pradheep/Documents/strawberry_cheese_cake/irc_autonomous_ws/install/local_setup.zsh'
[1.169s] [34mcolcon.colcon_core.shell[0m [1;30mINFO[0m Creating prefix chain script '/home/pradheep/Documents/strawberry_cheese_cake/irc_autonomous_ws/install/setup.zsh'
