[0.411s] Invoking command in '/home/pradheep/Documents/strawberry_cheese_cake/irc_autonomous_ws/src/autonomous_stack': PYTHONPATH=/home/pradheep/Documents/strawberry_cheese_cake/irc_autonomous_ws/build/autonomous_stack/prefix_override:/usr/lib/python3/dist-packages/colcon_core/task/python/colcon_distutils_commands:/home/pradheep/Documents/strawberry_cheese_cake/irc_autonomous_ws/install/autonomous_stack/lib/python3.10/site-packages:${PYTHONPATH} /usr/bin/python3 -W ignore:setup.py install is deprecated -W ignore:easy_install command is deprecated setup.py egg_info --egg-base ../../build/autonomous_stack build --build-base /home/pradheep/Documents/strawberry_cheese_cake/irc_autonomous_ws/build/autonomous_stack/build install --record /home/pradheep/Documents/strawberry_cheese_cake/irc_autonomous_ws/build/autonomous_stack/install.log --single-version-externally-managed install_data
[0.561s] running egg_info
[0.562s] writing ../../build/autonomous_stack/autonomous_stack.egg-info/PKG-INFO
[0.562s] writing dependency_links to ../../build/autonomous_stack/autonomous_stack.egg-info/dependency_links.txt
[0.562s] writing entry points to ../../build/autonomous_stack/autonomous_stack.egg-info/entry_points.txt
[0.562s] writing requirements to ../../build/autonomous_stack/autonomous_stack.egg-info/requires.txt
[0.562s] writing top-level names to ../../build/autonomous_stack/autonomous_stack.egg-info/top_level.txt
[0.563s] reading manifest file '../../build/autonomous_stack/autonomous_stack.egg-info/SOURCES.txt'
[0.564s] writing manifest file '../../build/autonomous_stack/autonomous_stack.egg-info/SOURCES.txt'
[0.564s] running build
[0.564s] running build_py
[0.564s] copying autonomous_stack/inputfirst.py -> /home/pradheep/Documents/strawberry_cheese_cake/irc_autonomous_ws/build/autonomous_stack/build/lib/autonomous_stack
[0.564s] running install
[0.564s] running install_lib
[0.565s] copying /home/pradheep/Documents/strawberry_cheese_cake/irc_autonomous_ws/build/autonomous_stack/build/lib/autonomous_stack/inputfirst.py -> /home/pradheep/Documents/strawberry_cheese_cake/irc_autonomous_ws/install/autonomous_stack/lib/python3.10/site-packages/autonomous_stack
[0.565s] byte-compiling /home/pradheep/Documents/strawberry_cheese_cake/irc_autonomous_ws/install/autonomous_stack/lib/python3.10/site-packages/autonomous_stack/inputfirst.py to inputfirst.cpython-310.pyc
[0.567s] running install_data
[0.567s] running install_egg_info
[0.568s] removing '/home/pradheep/Documents/strawberry_cheese_cake/irc_autonomous_ws/install/autonomous_stack/lib/python3.10/site-packages/autonomous_stack-0.0.0-py3.10.egg-info' (and everything under it)
[0.568s] Copying ../../build/autonomous_stack/autonomous_stack.egg-info to /home/pradheep/Documents/strawberry_cheese_cake/irc_autonomous_ws/install/autonomous_stack/lib/python3.10/site-packages/autonomous_stack-0.0.0-py3.10.egg-info
[0.568s] running install_scripts
[0.581s] Installing controller script to /home/pradheep/Documents/strawberry_cheese_cake/irc_autonomous_ws/install/autonomous_stack/lib/autonomous_stack
[0.581s] Installing input1 script to /home/pradheep/Documents/strawberry_cheese_cake/irc_autonomous_ws/install/autonomous_stack/lib/autonomous_stack
[0.581s] Installing input2 script to /home/pradheep/Documents/strawberry_cheese_cake/irc_autonomous_ws/install/autonomous_stack/lib/autonomous_stack
[0.581s] writing list of installed files to '/home/pradheep/Documents/strawberry_cheese_cake/irc_autonomous_ws/build/autonomous_stack/install.log'
[0.594s] Invoked command in '/home/pradheep/Documents/strawberry_cheese_cake/irc_autonomous_ws/src/autonomous_stack' returned '0': PYTHONPATH=/home/pradheep/Documents/strawberry_cheese_cake/irc_autonomous_ws/build/autonomous_stack/prefix_override:/usr/lib/python3/dist-packages/colcon_core/task/python/colcon_distutils_commands:/home/pradheep/Documents/strawberry_cheese_cake/irc_autonomous_ws/install/autonomous_stack/lib/python3.10/site-packages:${PYTHONPATH} /usr/bin/python3 -W ignore:setup.py install is deprecated -W ignore:easy_install command is deprecated setup.py egg_info --egg-base ../../build/autonomous_stack build --build-base /home/pradheep/Documents/strawberry_cheese_cake/irc_autonomous_ws/build/autonomous_stack/build install --record /home/pradheep/Documents/strawberry_cheese_cake/irc_autonomous_ws/build/autonomous_stack/install.log --single-version-externally-managed install_data
